<?xml version="1.0" encoding="UTF-8"?>
<!-- Generated by org.testng.reporters.JUnitXMLReporter -->
<testsuite ignored="4" hostname="DigitalComputer" failures="0" tests="3" name="Hms Registration" time="196.755" errors="0" timestamp="2022-03-21T08:59:06 IST">
  <testcase classname="hms_devenda_registration_package.HmsRegistrationLogin" name="loginhmspage" time="8.207"/>
  <testcase classname="hms_devenda_registration_package.HmsRegistrationLogin" name="registrationpage" time="6.659"/>
  <testcase classname="hms_devenda_registration_package.HmsRegistrationLogin" name="perminentregistrationpage" time="136.188"/>
  <testcase classname="hms_devenda_registration_package.HmsRegistrationLogin" name="searchregistrationnumber" time="0.0">
    <ignored/>
  </testcase> <!-- searchregistrationnumber -->
  <testcase classname="hms_devenda_registration_package.HmsRegistrationLogin" name="emergency_registration" time="0.0">
    <ignored/>
  </testcase> <!-- emergency_registration -->
  <testcase classname="hms_devenda_registration_package.HmsRegistrationLogin" name="verifyAlerts" time="0.0">
    <ignored/>
  </testcase> <!-- verifyAlerts -->
  <testcase classname="hms_devenda_registration_package.HmsRegistrationLogin" name="feedbackpopupsalert" time="0.0">
    <ignored/>
  </testcase> <!-- feedbackpopupsalert -->
</testsuite> <!-- Hms Registration -->
